<?xml version="1.0" encoding="UTF-8"?>
<!-- Generated by org.testng.reporters.JUnitReportReporter -->
<testsuite skipped="0" hostname="DESKTOP-SFMOE93" name="payment.Testing2" tests="2" failures="0" timestamp="2020-10-11T09:35:30 IST" time="0.010" errors="0">
  <testcase name="test1" time="0.005" classname="payment.Testing2"/>
  <system-out/>
  <testcase name="test2" time="0.005" classname="payment.Testing2"/>
  <system-out/>
</testsuite> <!-- payment.Testing2 -->
