<?xml version="1.0" encoding="UTF-8"?>
<!-- Generated by org.testng.reporters.JUnitReportReporter -->
<testsuite skipped="0" hostname="DESKTOP-SFMOE93" name="fundTransfer.Testing" tests="2" failures="0" timestamp="2020-10-10T13:09:47 IST" time="0.012" errors="0">
  <testcase name="test1" time="0.003" classname="fundTransfer.Testing"/>
  <system-out/>
  <testcase name="test2" time="0.009" classname="fundTransfer.Testing"/>
  <system-out/>
</testsuite> <!-- fundTransfer.Testing -->
