<?xml version="1.0" encoding="UTF-8"?>
<!-- Generated by org.testng.reporters.JUnitReportReporter -->
<testsuite skipped="0" hostname="DESKTOP-SFMOE93" name="basicAnnotations.Testing" tests="2" failures="0" timestamp="2020-10-10T11:51:15 IST" time="0.021" errors="0">
  <testcase name="test2" time="0.005" classname="basicAnnotations.Testing"/>
  <system-out/>
  <testcase name="test1" time="0.016" classname="basicAnnotations.Testing"/>
  <system-out/>
</testsuite> <!-- basicAnnotations.Testing -->
