<?xml version="1.0" encoding="UTF-8"?>
<!-- Generated by org.testng.reporters.JUnitReportReporter -->
<testsuite skipped="0" hostname="DESKTOP-SFMOE93" name="eodValidations.Testing2" tests="2" failures="0" timestamp="2020-10-11T09:35:30 IST" time="0.007" errors="0">
  <testcase name="test1" time="0.004" classname="eodValidations.Testing2"/>
  <system-out/>
  <testcase name="test2" time="0.003" classname="eodValidations.Testing2"/>
  <system-out/>
</testsuite> <!-- eodValidations.Testing2 -->
