<?xml version="1.0" encoding="UTF-8"?>
<!-- Generated by org.testng.reporters.JUnitReportReporter -->
<testsuite skipped="0" hostname="DESKTOP-SFMOE93" name="basicFunctions.Testing" tests="3" failures="0" timestamp="2020-10-24T10:42:00 IST" time="0.018" errors="0">
  <testcase name="test3" time="0.001" classname="basicFunctions.Testing"/>
  <system-out/>
  <testcase name="test1" time="0.013" classname="basicFunctions.Testing"/>
  <system-out/>
  <testcase name="test2" time="0.004" classname="basicFunctions.Testing"/>
  <system-out/>
</testsuite> <!-- basicFunctions.Testing -->
