<?xml version="1.0" encoding="UTF-8"?>
<!-- Generated by org.testng.reporters.JUnitReportReporter -->
<testsuite skipped="0" hostname="DESKTOP-SFMOE93" name="reports.Testing2" tests="2" failures="0" timestamp="2020-10-11T09:35:30 IST" time="0.017" errors="0">
  <testcase name="test2" time="0.011" classname="reports.Testing2"/>
  <system-out/>
  <testcase name="test1" time="0.006" classname="reports.Testing2"/>
  <system-out/>
</testsuite> <!-- reports.Testing2 -->
