<?xml version="1.0" encoding="UTF-8"?>
<!-- Generated by org.testng.reporters.JUnitReportReporter -->
<testsuite skipped="0" hostname="DESKTOP-SFMOE93" name="basicFunctions.ParametersConcept" tests="1" failures="0" timestamp="2020-10-24T11:43:42 IST" time="0.012" errors="0">
  <testcase name="launchBrowser" time="0.012" classname="basicFunctions.ParametersConcept"/>
  <system-out/>
</testsuite> <!-- basicFunctions.ParametersConcept -->
