<?xml version="1.0" encoding="UTF-8"?>
<!-- Generated by org.testng.reporters.JUnitReportReporter -->
<testsuite skipped="0" hostname="DESKTOP-SFMOE93" name="seleniumBasicFeatures.MouseHover" tests="1" failures="0" timestamp="2020-11-07T07:30:55 IST" time="53.360" errors="0">
  <testcase name="test" time="53.360" classname="seleniumBasicFeatures.MouseHover"/>
  <system-out/>
</testsuite> <!-- seleniumBasicFeatures.MouseHover -->
