<?xml version="1.0" encoding="UTF-8"?>
<!-- Generated by org.testng.reporters.JUnitReportReporter -->
<testsuite skipped="0" hostname="DESKTOP-SFMOE93" name="seleniumBasicFeatures.WindowHandling" tests="1" failures="0" timestamp="2020-11-07T10:46:58 IST" time="22.969" errors="0">
  <testcase name="test1" time="22.969" classname="seleniumBasicFeatures.WindowHandling"/>
  <system-out/>
</testsuite> <!-- seleniumBasicFeatures.WindowHandling -->
