<?xml version="1.0" encoding="UTF-8"?>
<!-- Generated by org.testng.reporters.JUnitReportReporter -->
<testsuite skipped="0" hostname="DESKTOP-SFMOE93" name="seleniumBasicFeatures.Elements_Button" tests="3" failures="0" timestamp="2020-11-04T18:27:54 IST" time="46.729" errors="0">
  <testcase name="test1" time="17.506" classname="seleniumBasicFeatures.Elements_Button"/>
  <system-out/>
  <testcase name="test1" time="14.079" classname="seleniumBasicFeatures.Elements_Button"/>
  <system-out/>
  <testcase name="test1" time="15.144" classname="seleniumBasicFeatures.Elements_Button"/>
  <system-out/>
</testsuite> <!-- seleniumBasicFeatures.Elements_Button -->
