<?xml version="1.0" encoding="UTF-8"?>
<!-- Generated by org.testng.reporters.JUnitReportReporter -->
<testsuite skipped="0" hostname="DESKTOP-SFMOE93" name="seleniumBasicFeatures.Element_DropDown" tests="1" failures="0" timestamp="2020-11-07T13:17:53 IST" time="25.180" errors="0">
  <testcase name="test1" time="25.180" classname="seleniumBasicFeatures.Element_DropDown"/>
  <system-out/>
</testsuite> <!-- seleniumBasicFeatures.Element_DropDown -->
