<?xml version="1.0" encoding="UTF-8"?>
<!-- Generated by org.testng.reporters.JUnitReportReporter -->
<testsuite skipped="0" hostname="DESKTOP-SFMOE93" name="seleniumBasicFeatures.Element_Right_Click" tests="1" failures="0" timestamp="2020-11-04T18:49:11 IST" time="15.731" errors="0">
  <testcase name="test" time="15.731" classname="seleniumBasicFeatures.Element_Right_Click"/>
  <system-out/>
</testsuite> <!-- seleniumBasicFeatures.Element_Right_Click -->
