<?xml version="1.0" encoding="UTF-8"?>
<!-- Generated by org.testng.reporters.JUnitReportReporter -->
<testsuite skipped="0" hostname="DESKTOP-SFMOE93" name="seleniumBasicFeatures.DemoQa" tests="1" failures="0" timestamp="2020-10-31T12:50:35 IST" time="17.701" errors="0">
  <testcase name="test1" time="17.701" classname="seleniumBasicFeatures.DemoQa"/>
  <system-out/>
</testsuite> <!-- seleniumBasicFeatures.DemoQa -->
