<?xml version="1.0" encoding="UTF-8"?>
<!-- Generated by org.testng.reporters.JUnitReportReporter -->
<testsuite skipped="0" hostname="DESKTOP-SFMOE93" name="seleniumBasicFeatures.WindowHandles2" tests="1" failures="0" timestamp="2020-11-07T11:05:32 IST" time="34.157" errors="0">
  <testcase name="test1" time="34.157" classname="seleniumBasicFeatures.WindowHandles2"/>
  <system-out/>
</testsuite> <!-- seleniumBasicFeatures.WindowHandles2 -->
