<?xml version="1.0" encoding="UTF-8"?>
<!-- Generated by org.testng.reporters.JUnitReportReporter -->
<testsuite skipped="0" hostname="DESKTOP-SFMOE93" name="seleniumBasicFeatures.ElementCheckBox" tests="1" failures="0" timestamp="2020-10-31T13:35:31 IST" time="12.731" errors="0">
  <testcase name="test1" time="12.731" classname="seleniumBasicFeatures.ElementCheckBox"/>
  <system-out/>
</testsuite> <!-- seleniumBasicFeatures.ElementCheckBox -->
