<?xml version="1.0" encoding="UTF-8"?>
<!-- Generated by org.testng.reporters.JUnitReportReporter -->
<testsuite skipped="0" hostname="DESKTOP-SFMOE93" name="seleniumBasicFeatures.ElementTextBox" tests="1" failures="0" timestamp="2020-10-31T13:00:12 IST" time="17.129" errors="0">
  <testcase name="test1" time="17.129" classname="seleniumBasicFeatures.ElementTextBox"/>
  <system-out/>
</testsuite> <!-- seleniumBasicFeatures.ElementTextBox -->
