<?xml version="1.0" encoding="UTF-8"?>
<!-- Generated by org.testng.reporters.JUnitReportReporter -->
<testsuite skipped="0" hostname="DESKTOP-SFMOE93" name="seleniumBasicFeatures.ElementRadioButton" tests="1" failures="0" timestamp="2020-10-31T13:43:13 IST" time="20.802" errors="0">
  <testcase name="test1" time="20.802" classname="seleniumBasicFeatures.ElementRadioButton"/>
  <system-out/>
</testsuite> <!-- seleniumBasicFeatures.ElementRadioButton -->
