<?xml version="1.0" encoding="UTF-8"?>
<!-- Generated by org.testng.reporters.JUnitReportReporter -->
<testsuite skipped="0" hostname="DESKTOP-SFMOE93" name="seleniumBasicFeatures.Element_WebTables" tests="1" failures="0" timestamp="2020-11-07T08:39:01 IST" time="16.147" errors="0">
  <testcase name="test1" time="16.147" classname="seleniumBasicFeatures.Element_WebTables"/>
  <system-out/>
</testsuite> <!-- seleniumBasicFeatures.Element_WebTables -->
