<?xml version="1.0" encoding="UTF-8"?>
<!-- Generated by org.testng.reporters.JUnitReportReporter -->
<testsuite skipped="0" hostname="DESKTOP-SFMOE93" name="seleniumBasicFeatures.Element_Double_Click" tests="1" failures="0" timestamp="2020-11-04T18:39:34 IST" time="14.547" errors="0">
  <testcase name="test" time="14.547" classname="seleniumBasicFeatures.Element_Double_Click"/>
  <system-out/>
</testsuite> <!-- seleniumBasicFeatures.Element_Double_Click -->
