<?xml version="1.0" encoding="UTF-8"?>
<!-- Generated by org.testng.reporters.JUnitReportReporter -->
<testsuite skipped="0" hostname="DESKTOP-SFMOE93" name="seleniumBasicFeatures.FirstSeleniumClass" tests="1" failures="0" timestamp="2020-10-24T13:14:25 IST" time="10.979" errors="0">
  <testcase name="launchBrowser" time="10.979" classname="seleniumBasicFeatures.FirstSeleniumClass"/>
  <system-out/>
</testsuite> <!-- seleniumBasicFeatures.FirstSeleniumClass -->
