<?xml version="1.0" encoding="UTF-8"?>
<!-- Generated by org.testng.reporters.JUnitReportReporter -->
<testsuite skipped="0" hostname="DESKTOP-SFMOE93" name="seleniumBasicFeatures.LinkElement" tests="1" failures="0" timestamp="2020-10-31T10:52:57 IST" time="17.451" errors="0">
  <testcase name="test1" time="17.451" classname="seleniumBasicFeatures.LinkElement"/>
  <system-out/>
</testsuite> <!-- seleniumBasicFeatures.LinkElement -->
