<?xml version="1.0" encoding="UTF-8"?>
<!-- Generated by org.testng.reporters.JUnitReportReporter -->
<testsuite skipped="1" hostname="DESKTOP-SFMOE93" name="additionalAnnotations.DataProviderConcept" tests="1" failures="0" timestamp="2020-10-22T20:01:07 IST" time="0.000" errors="0">
  <testcase name="loginTest" time="0.000" classname="additionalAnnotations.DataProviderConcept">
    <skipped/>
  </testcase> <!-- loginTest -->
  <system-out/>
</testsuite> <!-- additionalAnnotations.DataProviderConcept -->
